<component name="libraryTable">
  <library name="junit-4.6">
    <CLASSES>
      <root url="jar://$PROJECT_DIR$/lib/junit-4.6.jar!/" />
      <root url="jar://$PROJECT_DIR$/lib/selenium-server-standalone-2.24.1.jar!/" />
    </CLASSES>
    <JAVADOC />
    <SOURCES>
      <root url="jar://$PROJECT_DIR$/lib/selenium-server-standalone-2.24.1.jar!/" />
    </SOURCES>
  </library>
</component>